#######################################################################################
# log primitive debug message of FSDB dumping                                         #
# This is for R&D to analyze when there are issues happening when FSDB dump           #
#######################################################################################
ANF: vcsd_get_serial_mode_status('simv: undefined symbol: vcsd_get_serial_mode_status')
ANF: vcsd_enable_sva_success_callback('simv: undefined symbol: vcsd_enable_sva_success_callback')
ANF: vcsd_disable_sva_success_callback('simv: undefined symbol: vcsd_disable_sva_success_callback')
ANF: vcsd_get_thread_id('simv: undefined symbol: vcsd_get_thread_id')
ANF: vcsd_get_power_scope_name('simv: undefined symbol: vcsd_get_power_scope_name')
ANF: vcsd_begin_no_value_var_info('simv: undefined symbol: vcsd_begin_no_value_var_info')
ANF: vcsd_end_no_value_var_info('simv: undefined symbol: vcsd_end_no_value_var_info')
ANF: vcsd_remove_xprop_merge_mode_callback('simv: undefined symbol: vcsd_remove_xprop_merge_mode_callback')
ANF: vcsd_node_check_native_callback('simv: undefined symbol: vcsd_node_check_native_callback')
ANF: vcsd_node_add_native_callback('simv: undefined symbol: vcsd_node_add_native_callback')
ANF: vcsdIsNativeVc('simv: undefined symbol: vcsdIsNativeVc')
ANF: vhpi_get_cb_info('simv: undefined symbol: vhpi_get_cb_info')
ANF: vhpi_free_handle('simv: undefined symbol: vhpi_free_handle')
ANF: vhpi_fetch_vcsd_handle('simv: undefined symbol: vhpi_fetch_vcsd_handle')
ANF: vhpi_fetch_vpi_handle('simv: undefined symbol: vhpi_fetch_vpi_handle')
ANF: vhpi_has_verilog_parent('simv: undefined symbol: vhpi_has_verilog_parent')
ANF: vhpi_is_verilog_scope('simv: undefined symbol: vhpi_is_verilog_scope')
ANF: scsd_xprop_is_enabled('simv: undefined symbol: scsd_xprop_is_enabled')
ANF: scsd_xprop_sig_is_promoted('simv: undefined symbol: scsd_xprop_sig_is_promoted')
ANF: scsd_xprop_int_xvalue('simv: undefined symbol: scsd_xprop_int_xvalue')
ANF: scsd_xprop_bool_xvalue('simv: undefined symbol: scsd_xprop_bool_xvalue')
ANF: scsd_xprop_enum_xvalue('simv: undefined symbol: scsd_xprop_enum_xvalue')
ANF: scsd_xprop_register_merge_mode_cb('simv: undefined symbol: scsd_xprop_register_merge_mode_cb')
ANF: scsd_xprop_delete_merge_mode_cb('simv: undefined symbol: scsd_xprop_delete_merge_mode_cb')
ANF: scsd_xprop_get_merge_mode('simv: undefined symbol: scsd_xprop_get_merge_mode')
ANF: scsd_thread_get_info('simv: undefined symbol: scsd_thread_get_info')
ANF: scsd_thread_vc_init('simv: undefined symbol: scsd_thread_vc_init')
ANF: scsd_master_set_delta_sync_cbk('simv: undefined symbol: scsd_master_set_delta_sync_cbk')
ANF: scsd_fgp_get_fsdb_cores('simv: undefined symbol: scsd_fgp_get_fsdb_cores')
ANF: msvEnableDumpingMode('simv: undefined symbol: msvEnableDumpingMode')
ANF: msvGetVersion('simv: undefined symbol: msvGetVersion')
ANF: msvGetInstProp('simv: undefined symbol: msvGetInstProp')
ANF: msvIsSpiceEngineReady('simv: undefined symbol: msvIsSpiceEngineReady')
ANF: msvSetAddProbeCallback('simv: undefined symbol: msvSetAddProbeCallback')
ANF: msvGetInstHandle('simv: undefined symbol: msvGetInstHandle')
ANF: msvGetProbeByInst('simv: undefined symbol: msvGetProbeByInst')
ANF: msvGetSigHandle('simv: undefined symbol: msvGetSigHandle')
ANF: msvGetProbeBySig('simv: undefined symbol: msvGetProbeBySig')
ANF: msvGetProbeInfo('simv: undefined symbol: msvGetProbeInfo')
ANF: msvRelease('simv: undefined symbol: msvRelease')
ANF: msvSetVcCallbackFunc('simv: undefined symbol: msvSetVcCallbackFunc')
ANF: msvCheckVcCallback('simv: undefined symbol: msvCheckVcCallback')
ANF: msvAddVcCallback('simv: undefined symbol: msvAddVcCallback')
ANF: msvRemoveVcCallback('simv: undefined symbol: msvRemoveVcCallback')
ANF: msvGetLatestValue('simv: undefined symbol: msvGetLatestValue')
ANF: msvSetEndofSimCallback('simv: undefined symbol: msvSetEndofSimCallback')
ANF: msvIgnoredProbe('simv: undefined symbol: msvIgnoredProbe')
ANF: msvGetThruNetInfo('simv: undefined symbol: msvGetThruNetInfo')
ANF: msvFreeThruNetInfo('simv: undefined symbol: msvFreeThruNetInfo')
ANF: PI_ace_get_output_time_unit('simv: undefined symbol: PI_ace_get_output_time_unit')
ANF: PI_ace_sim_sync('simv: undefined symbol: PI_ace_sim_sync')
ANF: msvGetRereadInitFile('simv: undefined symbol: msvGetRereadInitFile')
ANF: msvSetBeforeRereadCallback('simv: undefined symbol: msvSetBeforeRereadCallback')
ANF: msvSetAfterRereadCallback('simv: undefined symbol: msvSetAfterRereadCallback')
ANF: msvSetForceCallback('simv: undefined symbol: msvSetForceCallback')
ANF: msvSetReleaseCallback('simv: undefined symbol: msvSetReleaseCallback')
ANF: msvGetForceStatus('simv: undefined symbol: msvGetForceStatus')
ANF: vdi_fn_trigger_native_init_force('simv: undefined symbol: vdi_fn_trigger_native_init_force')
ANF: vdi_set_native_callback('simv: undefined symbol: vdi_set_native_callback')
ANF: vdi_fn_check_native_callback('simv: undefined symbol: vdi_fn_check_native_callback')
ANF: vdi_fn_add_native_callback('simv: undefined symbol: vdi_fn_add_native_callback')
ANF: vhdi_dt_get_type('simv: undefined symbol: vhdi_dt_get_type')
ANF: vhdi_dt_get_key('simv: undefined symbol: vhdi_dt_get_key')
ANF: vhdi_dt_get_vhdl_enum_info('simv: undefined symbol: vhdi_dt_get_vhdl_enum_info')
ANF: vhdi_dt_get_vhdl_physical_info('simv: undefined symbol: vhdi_dt_get_vhdl_physical_info')
ANF: vhdi_dt_get_vhdl_array_info('simv: undefined symbol: vhdi_dt_get_vhdl_array_info')
ANF: vhdi_dt_get_vhdl_record_info('simv: undefined symbol: vhdi_dt_get_vhdl_record_info')
ANF: vhdi_def_traverse_module('simv: undefined symbol: vhdi_def_traverse_module')
ANF: vhdi_def_traverse_scope('simv: undefined symbol: vhdi_def_traverse_scope')
ANF: vhdi_def_traverse_variable('simv: undefined symbol: vhdi_def_traverse_variable')
ANF: vhdi_def_get_module_id_by_vhpi('simv: undefined symbol: vhdi_def_get_module_id_by_vhpi')
ANF: vhdi_def_get_handle_by_module_id('simv: undefined symbol: vhdi_def_get_handle_by_module_id')
ANF: vhdi_def_get_variable_info_by_vhpi('simv: undefined symbol: vhdi_def_get_variable_info_by_vhpi')
ANF: vhdi_def_free('simv: undefined symbol: vhdi_def_free')
ANF: vhdi_ist_traverse_scope('simv: undefined symbol: vhdi_ist_traverse_scope')
ANF: vhdi_ist_traverse_variable('simv: undefined symbol: vhdi_ist_traverse_variable')
ANF: vhdi_ist_convert_by_vhpi('simv: undefined symbol: vhdi_ist_convert_by_vhpi')
ANF: vhdi_ist_clone('simv: undefined symbol: vhdi_ist_clone')
ANF: vhdi_ist_free('simv: undefined symbol: vhdi_ist_free')
ANF: vhdi_ist_hash_key('simv: undefined symbol: vhdi_ist_hash_key')
ANF: vhdi_ist_compare('simv: undefined symbol: vhdi_ist_compare')
ANF: vhdi_ist_get_value_addr('simv: undefined symbol: vhdi_ist_get_value_addr')
ANF: vhdi_set_scsd_callback('simv: undefined symbol: vhdi_set_scsd_callback')
ANF: vhdi_cbk_set_force_callback('simv: undefined symbol: vhdi_cbk_set_force_callback')
ANF: vhdi_trigger_init_force('simv: undefined symbol: vhdi_trigger_init_force')
ANF: vhdi_ist_check_scsd_callback('simv: undefined symbol: vhdi_ist_check_scsd_callback')
ANF: vhdi_ist_add_scsd_callback('simv: undefined symbol: vhdi_ist_add_scsd_callback')
ANF: vhdi_ist_remove_scsd_callback('simv: undefined symbol: vhdi_ist_remove_scsd_callback')
ANF: vhdi_ist_get_scsd_user_data('simv: undefined symbol: vhdi_ist_get_scsd_user_data')
ANF: vhdi_add_time_change_callback('simv: undefined symbol: vhdi_add_time_change_callback')
ANF: vhdi_get_real_value_by_value_addr('simv: undefined symbol: vhdi_get_real_value_by_value_addr')
ANF: vhdi_get_64_value_by_value_addr('simv: undefined symbol: vhdi_get_64_value_by_value_addr')
ANF: vhdi_xprop_inst_is_promoted('simv: undefined symbol: vhdi_xprop_inst_is_promoted')
ANF: vdi_ist_convert_by_vhdi('simv: undefined symbol: vdi_ist_convert_by_vhdi')
ANF: vhdi_ist_get_module_id('simv: undefined symbol: vhdi_ist_get_module_id')
ANF: vhdi_refine_foreign_scope_type('simv: undefined symbol: vhdi_refine_foreign_scope_type')
ANF: vhdi_flush_callback('simv: undefined symbol: vhdi_flush_callback')
ANF: vhdi_set_orig_name('simv: undefined symbol: vhdi_set_orig_name')
ANF: vhdi_set_dump_pt('simv: undefined symbol: vhdi_set_dump_pt')
ANF: vhdi_get_fsdb_option('simv: undefined symbol: vhdi_get_fsdb_option')
ANF: vhdi_fgp_get_mode('simv: undefined symbol: vhdi_fgp_get_mode')
ANF: vhdi_node_register_composite_var('simv: undefined symbol: vhdi_node_register_composite_var')
ANF: vhdi_node_analysis('simv: undefined symbol: vhdi_node_analysis')
ANF: vhdi_node_id('simv: undefined symbol: vhdi_node_id')
ANF: vhdi_node_ist_check_scsd_callback('simv: undefined symbol: vhdi_node_ist_check_scsd_callback')
ANF: vhdi_node_ist_add_scsd_callback('simv: undefined symbol: vhdi_node_ist_add_scsd_callback')
ANF: vhdi_node_ist_get_value_addr('simv: undefined symbol: vhdi_node_ist_get_value_addr')
VCS compile option:
 option[0]: simv
 option[1]: +v2k
 option[2]: +notimingcheck
 option[3]: +nospecify
 option[4]: +vcs+flush+all
 option[5]: -a
 option[6]: compile.log
 option[7]: +fsdb+autoflush
 option[8]: -a
 option[9]: run.log
 option[10]: /home/synopsys/vcs-mx/O-2018.09-1/linux64/bin/vcs1
 option[11]: -Mcc=gcc
 option[12]: -Mcplusplus=g++
 option[13]: -Masflags=
 option[14]: -Mcfl= -pipe -fPIC -O -I/home/synopsys/vcs-mx/O-2018.09-1/include 
 option[15]: -Mxcflags= -pipe -fPIC -I/home/synopsys/vcs-mx/O-2018.09-1/include
 option[16]: -Mldflags= -rdynamic 
 option[17]: -Mout=simv
 option[18]: -Mamsrun=
 option[19]: -Mvcsaceobjs=
 option[20]: -Mobjects= /home/synopsys/vcs-mx/O-2018.09-1/linux64/lib/libvirsim.so /home/synopsys/vcs-mx/O-2018.09-1/linux64/lib/liberrorinf.so /home/synopsys/vcs-mx/O-2018.09-1/linux64/lib/libsnpsmalloc.so /home/synopsys/vcs-mx/O-2018.09-1/linux64/lib/libvfs.so /home/synopsys/verdi/Verdi_O-2018.09-SP2/share/PLI/VCS/LINUX64/pli.a 
 option[21]: -Mexternalobj=
 option[22]: -Msaverestoreobj=/home/synopsys/vcs-mx/O-2018.09-1/linux64/lib/vcs_save_restore_new.o
 option[23]: -Mcrt0=
 option[24]: -Mcrtn=
 option[25]: -Mcsrc=
 option[26]: -Msyslibs=-ldl -lm 
 option[27]: -l
 option[28]: compile.log
 option[29]: -l
 option[30]: run.log
 option[31]: -Xvcs_run_simv=1
 option[32]: -full64
 option[33]: +v2k
 option[34]: -timescale=1ns/1ns
 option[35]: -debug_access+all+bc
 option[36]: +vpi
 option[37]: +vcsd
 option[38]: +memcbk
 option[39]: +itf+/home/synopsys/vcs-mx/O-2018.09-1/linux64/lib/vcsdp.tab
 option[40]: -debug_region+cell
 option[41]: +notimingcheck
 option[42]: +nospecify
 option[43]: +vcs+flush+all
 option[44]: -o
 option[45]: simv
 option[46]: -P
 option[47]: /home/synopsys/verdi/Verdi_O-2018.09-SP2/share/PLI/VCS/LINUX64/novas.tab
 option[48]: +fsdb+autoflush
 option[49]: -picarchive
 option[50]: -sverilog
 option[51]: -gen_obj
 option[52]: -f
 option[53]: rtl_list.f
 option[54]: -f
 option[55]: sim_list.f
 option[56]: +incdir+../tb
 option[57]: timescale=1ns/1ns
Chronologic Simulation VCS Release O-2018.09-1_Full64
Linux 3.10.0-1160.53.1.el7.x86_64 #1 SMP Fri Jan 14 13:59:45 UTC 2022 x86_64
CPU cores: 8
Limit information:
======================================
cputime		unlimited
filesize		unlimited
datasize		unlimited
stacksize		8192 kbytes
coredumpsize		0 kbytes
memoryuse		unlimited
vmemoryuse		unlimited
descriptors		4096
memorylocked		64 kbytes
maxproc		4096
======================================
(Special)Runtime environment variables:

Runtime environment variables:
XDG_SESSION_ID=1
TERM_PROGRAM=vscode
HOSTNAME=IC_EDA
UNAME=/bin/uname
SELINUX_ROLE_REQUESTED=
SCRNAME=vcs
VCS_DEPTH=0
TERM=xterm-256color
SHELL=/bin/bash
HISTSIZE=1000
MAKEFLAGS=
SSH_CLIENT=192.168.207.1 4346 22
TERM_PROGRAM_VERSION=1.85.2
SELINUX_USE_CURRENT_RANGE=
QUESTASIM_HOME=/home/mentor/questasim
VCS_LOG_FILE=run.log
QTDIR=/usr/lib/qt-3.3
QTINC=/usr/lib/qt-3.3/include
LC_ALL=C
QT_GRAPHICSSYSTEM_CHECKED=1
USER=ICer
LD_LIBRARY_PATH=/home/synopsys/vcs-mx/O-2018.09-1/linux64/lib::/home/synopsys/verdi/Verdi_O-2018.09-SP2/share/PLI/lib/LINUX64:/home/synopsys/verdi/Verdi_O-2018.09-SP2/share/PLI/IUS/LINUX64/boot:/home/cadence/INCISIVE152/tools.lnx86/lib:/home/synopsys/verdi/Verdi_O-2018.09-SP2/share/PLI/lib/LINUX64:/home/synopsys/verdi/Verdi_O-2018.09-SP2/share/PLI/IUS/LINUX64/boot:/home/cadence/INCISIVE152/tools.lnx86/lib
LS_COLORS=rs=0:di=38;5;27:ln=38;5;51:mh=44;38;5;15:pi=40;38;5;11:so=38;5;13:do=38;5;5:bd=48;5;232;38;5;11:cd=48;5;232;38;5;3:or=48;5;232;38;5;9:mi=05;48;5;232;38;5;15:su=48;5;196;38;5;15:sg=48;5;11;38;5;16:ca=48;5;196;38;5;226:tw=48;5;10;38;5;16:ow=48;5;10;38;5;21:st=48;5;21;38;5;15:ex=38;5;34:*.tar=38;5;9:*.tgz=38;5;9:*.arc=38;5;9:*.arj=38;5;9:*.taz=38;5;9:*.lha=38;5;9:*.lz4=38;5;9:*.lzh=38;5;9:*.lzma=38;5;9:*.tlz=38;5;9:*.txz=38;5;9:*.tzo=38;5;9:*.t7z=38;5;9:*.zip=38;5;9:*.z=38;5;9:*.Z=38;5;9:*.dz=38;5;9:*.gz=38;5;9:*.lrz=38;5;9:*.lz=38;5;9:*.lzo=38;5;9:*.xz=38;5;9:*.bz2=38;5;9:*.bz=38;5;9:*.tbz=38;5;9:*.tbz2=38;5;9:*.tz=38;5;9:*.deb=38;5;9:*.rpm=38;5;9:*.jar=38;5;9:*.war=38;5;9:*.ear=38;5;9:*.sar=38;5;9:*.rar=38;5;9:*.alz=38;5;9:*.ace=38;5;9:*.zoo=38;5;9:*.cpio=38;5;9:*.7z=38;5;9:*.rz=38;5;9:*.cab=38;5;9:*.jpg=38;5;13:*.jpeg=38;5;13:*.gif=38;5;13:*.bmp=38;5;13:*.pbm=38;5;13:*.pgm=38;5;13:*.ppm=38;5;13:*.tga=38;5;13:*.xbm=38;5;13:*.xpm=38;5;13:*.tif=38;5;13:*.tiff=38;5;13:*.png=38;5;13:*.svg=38;5;13:*.svgz=38;5;13:*.mng=38;5;13:*.pcx=38;5;13:*.mov=38;5;13:*.mpg=38;5;13:*.mpeg=38;5;13:*.m2v=38;5;13:*.mkv=38;5;13:*.webm=38;5;13:*.ogm=38;5;13:*.mp4=38;5;13:*.m4v=38;5;13:*.mp4v=38;5;13:*.vob=38;5;13:*.qt=38;5;13:*.nuv=38;5;13:*.wmv=38;5;13:*.asf=38;5;13:*.rm=38;5;13:*.rmvb=38;5;13:*.flc=38;5;13:*.avi=38;5;13:*.fli=38;5;13:*.flv=38;5;13:*.gl=38;5;13:*.dl=38;5;13:*.xcf=38;5;13:*.xwd=38;5;13:*.yuv=38;5;13:*.cgm=38;5;13:*.emf=38;5;13:*.axv=38;5;13:*.anx=38;5;13:*.ogv=38;5;13:*.ogx=38;5;13:*.aac=38;5;45:*.au=38;5;45:*.flac=38;5;45:*.mid=38;5;45:*.midi=38;5;45:*.mka=38;5;45:*.mp3=38;5;45:*.mpc=38;5;45:*.ogg=38;5;45:*.ra=38;5;45:*.wav=38;5;45:*.axa=38;5;45:*.oga=38;5;45:*.spx=38;5;45:*.xspf=38;5;45:
SCRIPT_NAME=vcs
MAKE_TERMOUT=/dev/pts/3
VCS_MX_HOME_INTERNAL=1
DVE_HOME=/home/synopsys/vcs-mx/O-2018.09-1
MAKELEVEL=1
SNPSLMD_LICENSE_FILE=27000@IC_EDA
OVA_UUM=0
MMSIMHOME=/home/cadence/MMSIM151
MFLAGS=
VCS_MODE_FLAG=64
MAIL=/var/spool/mail/ICer
PATH=.:/usr/bin/pip3:/home/Icer/work/axi-crossbar/script/.svut:/home/Xilinx/SDK/2019.1/bin:/home/Xilinx/SDK/2019.1/gnu/microblaze/lin/bin:/home/Xilinx/SDK/2019.1/gnu/arm/lin/bin:/home/Xilinx/SDK/2019.1/gnu/microblaze/linux_toolchain/lin64_le/bin:/home/Xilinx/SDK/2019.1/gnu/aarch32/lin/gcc-arm-linux-gnueabi/bin:/home/Xilinx/SDK/2019.1/gnu/aarch32/lin/gcc-arm-none-eabi/bin:/home/Xilinx/SDK/2019.1/gnu/aarch64/lin/aarch64-linux/bin:/home/Xilinx/SDK/2019.1/gnu/aarch64/lin/aarch64-none/bin:/home/Xilinx/SDK/2019.1/gnu/armr5/lin/gcc-arm-none-eabi/bin:/home/Xilinx/SDK/2019.1/tps/lnx64/cmake-3.3.2/bin:/home/Xilinx/Vivado/2019.1/bin:/home/Xilinx/DocNav:/home/ICer/.vscode-server/bin/8b3775030ed1a69b13e4f4c628c612102e30a681/bin/remote-cli:/usr/bin/pip3:/home/Icer/work/axi-crossbar/script/.svut:/home/Xilinx/SDK/2019.1/bin:/home/Xilinx/SDK/2019.1/gnu/microblaze/lin/bin:/home/Xilinx/SDK/2019.1/gnu/arm/lin/bin:/home/Xilinx/SDK/2019.1/gnu/microblaze/linux_toolchain/lin64_le/bin:/home/Xilinx/SDK/2019.1/gnu/aarch32/lin/gcc-arm-linux-gnueabi/bin:/home/Xilinx/SDK/2019.1/gnu/aarch32/lin/gcc-arm-none-eabi/bin:/home/Xilinx/SDK/2019.1/gnu/aarch64/lin/aarch64-linux/bin:/home/Xilinx/SDK/2019.1/gnu/aarch64/lin/aarch64-none/bin:/home/Xilinx/SDK/2019.1/gnu/armr5/lin/gcc-arm-none-eabi/bin:/home/Xilinx/SDK/2019.1/tps/lnx64/cmake-3.3.2/bin:/home/Xilinx/Vivado/2019.1/bin:/home/Xilinx/DocNav:/usr/lib/qt-3.3/bin:/usr/local/bin:/usr/bin:/home/synopsys/fpga/N-2018.03-SP1/bin:/home/synopsys/pts/O-2018.06-SP1/bin:/home/synopsys/icc2/O-2018.06-SP1/bin:/home/synopsys/syn/O-2018.06-SP1/bin:/home/synopsys/lc/O-2018.06-SP1/bin:/home/synopsys/SpyGlass-L2016.06/SPYGLASS_HOME//bin:/home/synopsys/vcs-mx/O-2018.09-1/gui/dve/bin:/home/synopsys/vcs-mx/O-2018.09-1/bin:/home/synopsys/verdi/Verdi_O-2018.09-SP2/bin:/home/synopsys/scl/2018.06/linux64/bin::/home/cadence/IC617/tools/dfII/bin:/home/cadence/IC617/tools/plot/bin:/home/cadence/INCISIVE152/tools/bin:/home/cadence/MMSIM151/bin:/home/cadence/MMSIM151/tools/relxpert/bin:/home/cadence/INCISIVE152/bin:/home/cadence/INCISIVE152/tools.lnx86/bin:/home/cadence/INCISIVE152/tools.lnx86/dfII/bin:/home/mentor/questasim/linux_x86_64:/home/Riscv_Tools/bin:/home/Riscv_Tools/riscv-gnu-toolchain/qemu-6.0.0/build/riscv32-linux-user:/usr/local/sbin:/usr/sbin:/home/synopsys/fpga/N-2018.03-SP1/bin:/home/synopsys/pts/O-2018.06-SP1/bin:/home/synopsys/icc2/O-2018.06-SP1/bin:/home/synopsys/syn/O-2018.06-SP1/bin:/home/synopsys/lc/O-2018.06-SP1/bin:/home/synopsys/SpyGlass-L2016.06/SPYGLASS_HOME//bin:/home/synopsys/vcs-mx/O-2018.09-1/gui/dve/bin:/home/synopsys/vcs-mx/O-2018.09-1/bin:/home/synopsys/verdi/Verdi_O-2018.09-SP2/bin:/home/synopsys/scl/2018.06/linux64/bin::/home/cadence/IC617/tools/dfII/bin:/home/cadence/IC617/tools/plot/bin:/home/cadence/INCISIVE152/tools/bin:/home/cadence/MMSIM151/bin:/home/cadence/MMSIM151/tools/relxpert/bin:/home/cadence/INCISIVE152/bin:/home/cadence/INCISIVE152/tools.lnx86/bin:/home/cadence/INCISIVE152/tools.lnx86/dfII/bin:/home/mentor/questasim/linux_x86_64:/home/Riscv_Tools/bin:/home/Riscv_Tools/riscv-gnu-toolchain/qemu-6.0.0/build/riscv32-linux-user
PT_HOME=/home/synopsys/pts/O-2018.06-SP1
VERDI_HOME=/home/synopsys/verdi/Verdi_O-2018.09-SP2
CALIBRE_HOME=/home/mentor//Calibre2015/aoi_cal_2015.2_36.27
PWD=/home/ICer/work/my_axi_crossbar/sim
MGC_CALIBRE_LAYOUT_SERVER=IC_EDA:9189
VCS_HOME=/home/synopsys/vcs-mx/O-2018.09-1
LANG=zh_CN.UTF-8
MGC_CALIBRE_SCHEMATIC_SERVER=IC_EDA:9199
VCS_ARCH_OVERRIDE=linux
KDEDIRS=/usr
VSCODE_GIT_ASKPASS_EXTRA_ARGS=
VMR_MODE_FLAG=64
SELINUX_LEVEL_REQUESTED=
CDSHOME=/home/cadence/IC617
QEMU_HOME=/home/Riscv_Tools/riscv-gnu-toolchain/qemu-6.0.0
XILINX_VIVADO=/home/Xilinx/Vivado/2019.1
SPECMAN_HOME=/home/cadence/INCISIVE152/components/sn
HISTCONTROL=ignoredups
VCS_ARG_ADDED_FOR_TMP=1
SNPS_VCS_TMPDIR=/tmp/vcs_20240509072301_98310
SHLVL=6
RISCV=/home/Riscv_Tools
HOME=/home/ICer
VSCODE_GIT_ASKPASS_MAIN=/home/ICer/.vscode-server/bin/8b3775030ed1a69b13e4f4c628c612102e30a681/extensions/git/dist/askpass-main.js
ICC2_HOME=/home/synopsys/icc2/O-2018.06-SP1
MGC_HOME=/home/mentor/
MGC_LICENSE_FILE=/home/mentor//license/license.dat
CADHOME=/home/cadence
VCS_COM=/home/synopsys/vcs-mx/O-2018.09-1/linux64/bin/vcs1
DC_HOME=/home/synopsys/syn/O-2018.06-SP1
LOGNAME=ICer
MAKE_TERMERR=/dev/pts/3
SPYGLASS_HOME=/home/synopsys/SpyGlass-L2016.06/SPYGLASS_HOME/
QTLIB=/usr/lib/qt-3.3/lib
MGLS_LICENSE_FILE=/home/mentor/questasim/mentor.dat
VSCODE_GIT_IPC_HANDLE=/run/user/1000/vscode-git-e7d7a106fb.sock
SSH_CONNECTION=192.168.207.1 4346 192.168.207.128 22
XDG_DATA_DIRS=/home/ICer/.local/share/flatpak/exports/share:/var/lib/flatpak/exports/share:/usr/local/share:/usr/share
CDS_LIC_FILE=/home/cadence/license/cadence.dat
VSCODE_IPC_HOOK_CLI=/run/user/1000/vscode-ipc-fcd7aa09-a5fd-41fb-be39-632b853a1d5a.sock
LESSOPEN=||/usr/bin/lesspipe.sh %s
SPECMAN_DIR=/home/cadence/INCISIVE152/components/sn/
SCL_HOME=/home/synopsys/scl/2018.06
BROWSER=/home/ICer/.vscode-server/bin/8b3775030ed1a69b13e4f4c628c612102e30a681/bin/helpers/browser.sh
sysc_uni_pwd=/home/ICer/work/my_axi_crossbar/sim
GIT_ASKPASS=/home/ICer/.vscode-server/bin/8b3775030ed1a69b13e4f4c628c612102e30a681/extensions/git/dist/askpass.sh
VSCODE_GIT_ASKPASS_NODE=/home/ICer/.vscode-server/bin/8b3775030ed1a69b13e4f4c628c612102e30a681/node
SYNPLIFY_HOME=/home/synopsys/fpga/N-2018.03-SP1
XDG_RUNTIME_DIR=/run/user/1000
VCS_ARCH=linux64
LC_HOME=/home/synopsys/lc/O-2018.06-SP1
QT_PLUGIN_PATH=/usr/lib64/kde4/plugins:/usr/lib/kde4/plugins
TOOL_HOME=/home/synopsys/vcs-mx/O-2018.09-1/linux64
INCISIVE_HOME=/home/cadence/INCISIVE152
SVUT=/home/Icer/work/axi-crossbar/script/.svut
COLORTERM=truecolor
_=./simv
OLDPWD=/home/ICer/work/my_axi_crossbar/sim/simv.daidir/debug_dump/fsearch
VCS_HEAP_EXEC=true
VCS_PATHMAP_PRELOAD_DONE=1
VCS_EXEC_DONE=1
DVE=/home/synopsys/vcs-mx/O-2018.09-1/gui/dve
SPECMAN_OUTPUT_TO_TTY=1
Runtime command line arguments:
argv[0]=simv
argv[1]=+v2k
argv[2]=+notimingcheck
argv[3]=+nospecify
argv[4]=+vcs+flush+all
argv[5]=-a
argv[6]=compile.log
argv[7]=+fsdb+autoflush
argv[8]=-a
argv[9]=run.log
298 profile - 100
          CPU/Mem usage: 0.020 sys,  0.160 user,  244.16M mem
299 Thu May  9 15:23:03 2024
300 pliAppInit
301 FSDB_GATE is set.
302 FSDB_RTL is set.
303 Enable Parallel Dumping.
304 pliAppMiscSet: New Sim Round
305 pliEntryInit
306 LIBSSCORE=found /home/synopsys/verdi/Verdi_O-2018.09-SP2/share/PLI/lib/LINUXAMD64/libsscore_vcs201809.so through $NOVAS_HOME setting.
307 FSDB Dumper for VCS, Release Verdi_O-2018.09-SP2, Linux x86_64/64bit, 02/21/2019
308 (C) 1996 - 2019 by Synopsys, Inc.
309 sps_call_fsdbDumpfile_main at 0 : ../tb/tb_top.sv(907)
310 argv[0]: (testname.fsdb)
311 *Verdi* FSDB WARNING: The FSDB file already exists. Overwriting the FSDB file may crash the programs that are using this file.
312 *Verdi* : Create FSDB file 'testname.fsdb'
313 compile option from '/home/ICer/work/my_axi_crossbar/sim/simv.daidir/vcs_rebuild'.
314   "vcs '-full64' '-sverilog' '+v2k' '-timescale=1ns/1ns' '-debug_all' '+notimingcheck' '+nospecify' '+vcs+flush+all' '-o' 'simv' '-l' 'compile.log' '-f' 'rtl_list.f' '-f' 'sim_list.f' '+incdir+../tb' '-P' '/home/synopsys/verdi/Verdi_O-2018.09-SP2/share/PLI/VCS/LINUX64/novas.tab' '/home/synopsys/verdi/Verdi_O-2018.09-SP2/share/PLI/VCS/LINUX64/pli.a' '-R' '+fsdb+autoflush' '-l' 'run.log' 2>&1"
315 FSDB_VCS_ENABLE_FAST_VC is enable
316 sps_call_fsdbDumpvars_vd_main at 0 : ../tb/tb_top.sv(908)
317 argv[0]: (+all)
318 [spi_vcs_vd_ppi_create_root]: no upf option
319 FSDB dumper cannot dump UPF related power signal ($power_tree): no ppiPowerNetwork.
320 *Verdi* : Begin traversing the scopes, layer (0).
321 *Verdi* : Enable +all dumping.
322 *Verdi* : End of traversing.
323 pliAppHDL_DumpVarComplete traverse var: profile - 
          CPU/Mem usage: 0.180 sys,  0.190 user,  340.85M mem
                   incr: 0.020 sys,  0.020 user,  9.13M mem
                   accu: 0.020 sys,  0.020 user,  9.13M mem
              accu incr: 0.020 sys,  0.020 user,  9.13M mem

          Count usage: 4877 var,  3830 idcode,  1041 callback
                 incr: 4877 var,  3830 idcode,  1041 callback
                 accu: 4877 var,  3830 idcode,  1041 callback
            accu incr: 4877 var,  3830 idcode,  1041 callback
324 Thu May  9 15:23:03 2024
325 pliAppHDL_DumpVarComplete: profile - 
          CPU/Mem usage: 0.190 sys,  0.190 user,  341.90M mem
                   incr: 0.010 sys,  0.000 user,  1.05M mem
                   accu: 0.030 sys,  0.020 user,  10.19M mem
              accu incr: 0.010 sys,  0.000 user,  1.05M mem

          Count usage: 4877 var,  3830 idcode,  1041 callback
                 incr: 0 var,  0 idcode,  0 callback
                 accu: 4877 var,  3830 idcode,  1041 callback
            accu incr: 0 var,  0 idcode,  0 callback
326 Thu May  9 15:23:03 2024
327 sps_call_fsdbDumpsva_vd_main at 0 : ../tb/tb_top.sv(909)
328 *Verdi* : Begin traversing the SVA assertions, layer (0).
329 *Verdi* : End of traversing the SVA assertions.
330 pliAppHDL_DumpSVAComplete traverse var: profile - 
          CPU/Mem usage: 0.190 sys,  0.190 user,  341.90M mem
                   incr: 0.000 sys,  0.000 user,  0.00M mem
                   accu: 0.000 sys,  0.000 user,  0.00M mem
              accu incr: 0.000 sys,  0.000 user,  0.00M mem

          Count usage: 4877 var,  3830 idcode,  1041 callback
                 incr: 0 var,  0 idcode,  0 callback
                 accu: 0 var,  0 idcode,  0 callback
            accu incr: 0 var,  0 idcode,  0 callback
331 Thu May  9 15:23:03 2024
332 pliAppHDL_DumpSVAComplete: profile - 
          CPU/Mem usage: 0.190 sys,  0.190 user,  341.90M mem
                   incr: 0.000 sys,  0.000 user,  0.00M mem
                   accu: 0.000 sys,  0.000 user,  0.00M mem
              accu incr: 0.000 sys,  0.000 user,  0.00M mem

          Count usage: 4877 var,  3830 idcode,  1041 callback
                 incr: 0 var,  0 idcode,  0 callback
                 accu: 0 var,  0 idcode,  0 callback
            accu incr: 0 var,  0 idcode,  0 callback
333 Thu May  9 15:23:03 2024
334 sps_call_fsdbDumpMDA_vd_main at 0 : ../tb/tb_top.sv(910)
335 *Verdi* : Begin traversing the MDAs, layer (0).
336 *Verdi* : Enable +mda and +packedmda dumping.
337 *Verdi* : End of traversing the MDAs.
338 pliAppHDL_DumpVarComplete traverse var: profile - 
          CPU/Mem usage: 0.190 sys,  0.190 user,  341.90M mem
                   incr: 0.000 sys,  0.000 user,  0.00M mem
                   accu: 0.000 sys,  0.000 user,  0.00M mem
              accu incr: 0.000 sys,  0.000 user,  0.00M mem

          Count usage: 5465 var,  3830 idcode,  1041 callback
                 incr: 588 var,  0 idcode,  0 callback
                 accu: 588 var,  0 idcode,  0 callback
            accu incr: 588 var,  0 idcode,  0 callback
339 Thu May  9 15:23:03 2024
340 pliAppHDL_DumpVarComplete: profile - 
          CPU/Mem usage: 0.190 sys,  0.190 user,  341.90M mem
                   incr: 0.000 sys,  0.000 user,  0.00M mem
                   accu: 0.000 sys,  0.000 user,  0.00M mem
              accu incr: 0.000 sys,  0.000 user,  0.00M mem

          Count usage: 5465 var,  3830 idcode,  1041 callback
                 incr: 0 var,  0 idcode,  0 callback
                 accu: 588 var,  0 idcode,  0 callback
            accu incr: 0 var,  0 idcode,  0 callback
341 Thu May  9 15:23:03 2024
342 End of simulation at 5000000000
343 Thu May  9 15:23:05 2024
344 Begin FSDB profile info:
345 FSDB Writer : bc1(8749197) bcn(7504847) mtf/stf(0/2)
FSDB Writer elapsed time : flush(0.905158) io wait(0.000000) theadpool wait(0.000000) target functin(0.000000)
FSDB Writer cpu time : MT Compression : 0
346 End FSDB profile info
347 Parallel profile    -  Flush:5 Expand:0 ProduceWait:0 ConsumerWait:60 BlockUsed:122
348                        ProduceTime:2.476673791 ConsumerTime:1.602428284 Buffer:64MB
349 SimExit
350 Sim process exit
